<?xml version="1.0" encoding="UTF-8"?>
<coverage generated="1718043981616" clover="3.2.0">
  <project timestamp="1718043981616" name="All files">
    <metrics statements="135" coveredstatements="135" conditionals="42" coveredconditionals="42" methods="9" coveredmethods="9" elements="186" coveredelements="186" complexity="0" loc="135" ncloc="135" packages="1" files="2" classes="2"/>
    <file name="Candidato.js" path="C:\Users\Laura Godinho\Documents\UFMG\Optativas\Testes de software\tp-testes-software-urna-eletronica\entidades\Candidato.js">
      <metrics statements="101" coveredstatements="101" conditionals="35" coveredconditionals="35" methods="7" coveredmethods="7"/>
      <line num="1" count="1" type="stmt"/>
      <line num="2" count="1" type="cond" truecount="1" falsecount="0"/>
      <line num="3" count="47" type="stmt"/>
      <line num="4" count="47" type="stmt"/>
      <line num="5" count="47" type="stmt"/>
      <line num="6" count="47" type="stmt"/>
      <line num="7" count="47" type="stmt"/>
      <line num="8" count="47" type="stmt"/>
      <line num="9" count="1" type="stmt"/>
      <line num="10" count="1" type="cond" truecount="1" falsecount="0"/>
      <line num="11" count="45" type="stmt"/>
      <line num="12" count="45" type="stmt"/>
      <line num="13" count="45" type="cond" truecount="1" falsecount="0"/>
      <line num="14" count="4" type="stmt"/>
      <line num="15" count="45" type="cond" truecount="2" falsecount="0"/>
      <line num="16" count="2" type="stmt"/>
      <line num="17" count="41" type="cond" truecount="2" falsecount="0"/>
      <line num="18" count="2" type="stmt"/>
      <line num="19" count="39" type="cond" truecount="2" falsecount="0"/>
      <line num="20" count="2" type="stmt"/>
      <line num="21" count="37" type="cond" truecount="1" falsecount="0"/>
      <line num="22" count="35" type="stmt"/>
      <line num="23" count="35" type="cond" truecount="1" falsecount="0"/>
      <line num="24" count="3" type="stmt"/>
      <line num="25" count="3" type="stmt"/>
      <line num="26" count="35" type="stmt"/>
      <line num="27" count="45" type="stmt"/>
      <line num="28" count="45" type="stmt"/>
      <line num="29" count="45" type="stmt"/>
      <line num="30" count="1" type="stmt"/>
      <line num="31" count="1" type="cond" truecount="1" falsecount="0"/>
      <line num="32" count="45" type="stmt"/>
      <line num="33" count="45" type="stmt"/>
      <line num="34" count="45" type="cond" truecount="1" falsecount="0"/>
      <line num="35" count="2" type="stmt"/>
      <line num="36" count="45" type="cond" truecount="2" falsecount="0"/>
      <line num="37" count="2" type="stmt"/>
      <line num="38" count="43" type="cond" truecount="2" falsecount="0"/>
      <line num="39" count="2" type="stmt"/>
      <line num="40" count="2" type="stmt"/>
      <line num="41" count="45" type="stmt"/>
      <line num="42" count="45" type="stmt"/>
      <line num="43" count="45" type="stmt"/>
      <line num="44" count="1" type="stmt"/>
      <line num="45" count="1" type="cond" truecount="1" falsecount="0"/>
      <line num="46" count="45" type="stmt"/>
      <line num="47" count="45" type="stmt"/>
      <line num="48" count="45" type="cond" truecount="1" falsecount="0"/>
      <line num="49" count="2" type="stmt"/>
      <line num="50" count="45" type="cond" truecount="2" falsecount="0"/>
      <line num="51" count="2" type="stmt"/>
      <line num="52" count="43" type="cond" truecount="2" falsecount="0"/>
      <line num="53" count="2" type="stmt"/>
      <line num="54" count="41" type="cond" truecount="2" falsecount="0"/>
      <line num="55" count="2" type="stmt"/>
      <line num="56" count="2" type="stmt"/>
      <line num="57" count="45" type="stmt"/>
      <line num="58" count="45" type="stmt"/>
      <line num="59" count="45" type="stmt"/>
      <line num="60" count="1" type="stmt"/>
      <line num="61" count="1" type="cond" truecount="1" falsecount="0"/>
      <line num="62" count="45" type="stmt"/>
      <line num="63" count="45" type="stmt"/>
      <line num="64" count="45" type="cond" truecount="1" falsecount="0"/>
      <line num="65" count="2" type="stmt"/>
      <line num="66" count="45" type="cond" truecount="2" falsecount="0"/>
      <line num="67" count="2" type="stmt"/>
      <line num="68" count="43" type="cond" truecount="2" falsecount="0"/>
      <line num="69" count="2" type="stmt"/>
      <line num="70" count="2" type="stmt"/>
      <line num="71" count="45" type="stmt"/>
      <line num="72" count="45" type="stmt"/>
      <line num="73" count="45" type="stmt"/>
      <line num="74" count="1" type="stmt"/>
      <line num="75" count="1" type="cond" truecount="1" falsecount="0"/>
      <line num="76" count="45" type="stmt"/>
      <line num="77" count="45" type="stmt"/>
      <line num="78" count="45" type="cond" truecount="1" falsecount="0"/>
      <line num="79" count="4" type="stmt"/>
      <line num="80" count="4" type="stmt"/>
      <line num="81" count="45" type="stmt"/>
      <line num="82" count="45" type="cond" truecount="1" falsecount="0"/>
      <line num="83" count="5" type="stmt"/>
      <line num="84" count="5" type="stmt"/>
      <line num="85" count="45" type="stmt"/>
      <line num="86" count="45" type="stmt"/>
      <line num="87" count="45" type="stmt"/>
      <line num="88" count="1" type="stmt"/>
      <line num="89" count="1" type="cond" truecount="1" falsecount="0"/>
      <line num="90" count="45" type="stmt"/>
      <line num="91" count="45" type="stmt"/>
      <line num="92" count="45" type="stmt"/>
      <line num="93" count="45" type="stmt"/>
      <line num="94" count="45" type="stmt"/>
      <line num="95" count="45" type="stmt"/>
      <line num="96" count="45" type="stmt"/>
      <line num="97" count="45" type="stmt"/>
      <line num="98" count="45" type="stmt"/>
      <line num="99" count="1" type="stmt"/>
      <line num="100" count="1" type="stmt"/>
      <line num="101" count="1" type="stmt"/>
    </file>
    <file name="Deputado.js" path="C:\Users\Laura Godinho\Documents\UFMG\Optativas\Testes de software\tp-testes-software-urna-eletronica\entidades\Deputado.js">
      <metrics statements="34" coveredstatements="34" conditionals="7" coveredconditionals="7" methods="2" coveredmethods="2"/>
      <line num="1" count="1" type="stmt"/>
      <line num="2" count="1" type="stmt"/>
      <line num="3" count="1" type="stmt"/>
      <line num="4" count="1" type="cond" truecount="1" falsecount="0"/>
      <line num="5" count="22" type="stmt"/>
      <line num="6" count="22" type="stmt"/>
      <line num="7" count="22" type="stmt"/>
      <line num="8" count="1" type="stmt"/>
      <line num="9" count="1" type="cond" truecount="1" falsecount="0"/>
      <line num="10" count="21" type="stmt"/>
      <line num="11" count="21" type="stmt"/>
      <line num="12" count="21" type="cond" truecount="1" falsecount="0"/>
      <line num="13" count="5" type="stmt"/>
      <line num="14" count="5" type="stmt"/>
      <line num="15" count="21" type="stmt"/>
      <line num="16" count="21" type="stmt"/>
      <line num="17" count="21" type="stmt"/>
      <line num="18" count="21" type="stmt"/>
      <line num="19" count="21" type="stmt"/>
      <line num="20" count="21" type="stmt"/>
      <line num="21" count="21" type="stmt"/>
      <line num="22" count="21" type="stmt"/>
      <line num="23" count="21" type="cond" truecount="1" falsecount="0"/>
      <line num="24" count="20" type="cond" truecount="2" falsecount="0"/>
      <line num="25" count="21" type="cond" truecount="1" falsecount="0"/>
      <line num="26" count="2" type="stmt"/>
      <line num="27" count="2" type="stmt"/>
      <line num="28" count="21" type="stmt"/>
      <line num="29" count="21" type="stmt"/>
      <line num="30" count="21" type="stmt"/>
      <line num="31" count="1" type="stmt"/>
      <line num="32" count="1" type="stmt"/>
      <line num="33" count="1" type="stmt"/>
      <line num="34" count="1" type="stmt"/>
    </file>
  </project>
</coverage>
