{"C:\\Users\\Laura Godinho\\Documents\\UFMG\\Optativas\\Testes de software\\tp-testes-software-urna-eletronica\\entidades\\Candidato.js": {"path":"C:\\Users\\Laura Godinho\\Documents\\UFMG\\Optativas\\Testes de software\\tp-testes-software-urna-eletronica\\entidades\\Candidato.js","all":false,"statementMap":{"0":{"start":{"line":1,"column":0},"end":{"line":1,"column":17}},"1":{"start":{"line":2,"column":0},"end":{"line":2,"column":65}},"2":{"start":{"line":3,"column":0},"end":{"line":3,"column":21}},"3":{"start":{"line":4,"column":0},"end":{"line":4,"column":27}},"4":{"start":{"line":5,"column":0},"end":{"line":5,"column":25}},"5":{"start":{"line":6,"column":0},"end":{"line":6,"column":31}},"6":{"start":{"line":7,"column":0},"end":{"line":7,"column":41}},"7":{"start":{"line":8,"column":0},"end":{"line":8,"column":3}},"8":{"start":{"line":9,"column":0},"end":{"line":9,"column":0}},"9":{"start":{"line":10,"column":0},"end":{"line":10,"column":17}},"10":{"start":{"line":11,"column":0},"end":{"line":11,"column":22}},"11":{"start":{"line":12,"column":0},"end":{"line":12,"column":0}},"12":{"start":{"line":13,"column":0},"end":{"line":13,"column":21}},"13":{"start":{"line":14,"column":0},"end":{"line":14,"column":56}},"14":{"start":{"line":15,"column":0},"end":{"line":15,"column":47}},"15":{"start":{"line":16,"column":0},"end":{"line":16,"column":62}},"16":{"start":{"line":17,"column":0},"end":{"line":17,"column":41}},"17":{"start":{"line":18,"column":0},"end":{"line":18,"column":72}},"18":{"start":{"line":19,"column":0},"end":{"line":19,"column":40}},"19":{"start":{"line":20,"column":0},"end":{"line":20,"column":76}},"20":{"start":{"line":21,"column":0},"end":{"line":21,"column":12}},"21":{"start":{"line":22,"column":0},"end":{"line":22,"column":53}},"22":{"start":{"line":23,"column":0},"end":{"line":23,"column":34}},"23":{"start":{"line":24,"column":0},"end":{"line":24,"column":80}},"24":{"start":{"line":25,"column":0},"end":{"line":25,"column":7}},"25":{"start":{"line":26,"column":0},"end":{"line":26,"column":5}},"26":{"start":{"line":27,"column":0},"end":{"line":27,"column":0}},"27":{"start":{"line":28,"column":0},"end":{"line":28,"column":18}},"28":{"start":{"line":29,"column":0},"end":{"line":29,"column":3}},"29":{"start":{"line":30,"column":0},"end":{"line":30,"column":0}},"30":{"start":{"line":31,"column":0},"end":{"line":31,"column":20}},"31":{"start":{"line":32,"column":0},"end":{"line":32,"column":22}},"32":{"start":{"line":33,"column":0},"end":{"line":33,"column":0}},"33":{"start":{"line":34,"column":0},"end":{"line":34,"column":24}},"34":{"start":{"line":35,"column":0},"end":{"line":35,"column":48}},"35":{"start":{"line":36,"column":0},"end":{"line":36,"column":50}},"36":{"start":{"line":37,"column":0},"end":{"line":37,"column":49}},"37":{"start":{"line":38,"column":0},"end":{"line":38,"column":44}},"38":{"start":{"line":39,"column":0},"end":{"line":39,"column":105}},"39":{"start":{"line":40,"column":0},"end":{"line":40,"column":5}},"40":{"start":{"line":41,"column":0},"end":{"line":41,"column":0}},"41":{"start":{"line":42,"column":0},"end":{"line":42,"column":18}},"42":{"start":{"line":43,"column":0},"end":{"line":43,"column":3}},"43":{"start":{"line":44,"column":0},"end":{"line":44,"column":0}},"44":{"start":{"line":45,"column":0},"end":{"line":45,"column":19}},"45":{"start":{"line":46,"column":0},"end":{"line":46,"column":22}},"46":{"start":{"line":47,"column":0},"end":{"line":47,"column":0}},"47":{"start":{"line":48,"column":0},"end":{"line":48,"column":23}},"48":{"start":{"line":49,"column":0},"end":{"line":49,"column":58}},"49":{"start":{"line":50,"column":0},"end":{"line":50,"column":49}},"50":{"start":{"line":51,"column":0},"end":{"line":51,"column":64}},"51":{"start":{"line":52,"column":0},"end":{"line":52,"column":43}},"52":{"start":{"line":53,"column":0},"end":{"line":53,"column":74}},"53":{"start":{"line":54,"column":0},"end":{"line":54,"column":36}},"54":{"start":{"line":55,"column":0},"end":{"line":55,"column":71}},"55":{"start":{"line":56,"column":0},"end":{"line":56,"column":5}},"56":{"start":{"line":57,"column":0},"end":{"line":57,"column":0}},"57":{"start":{"line":58,"column":0},"end":{"line":58,"column":18}},"58":{"start":{"line":59,"column":0},"end":{"line":59,"column":3}},"59":{"start":{"line":60,"column":0},"end":{"line":60,"column":0}},"60":{"start":{"line":61,"column":0},"end":{"line":61,"column":22}},"61":{"start":{"line":62,"column":0},"end":{"line":62,"column":22}},"62":{"start":{"line":63,"column":0},"end":{"line":63,"column":0}},"63":{"start":{"line":64,"column":0},"end":{"line":64,"column":26}},"64":{"start":{"line":65,"column":0},"end":{"line":65,"column":65}},"65":{"start":{"line":66,"column":0},"end":{"line":66,"column":52}},"66":{"start":{"line":67,"column":0},"end":{"line":67,"column":71}},"67":{"start":{"line":68,"column":0},"end":{"line":68,"column":46}},"68":{"start":{"line":69,"column":0},"end":{"line":69,"column":81}},"69":{"start":{"line":70,"column":0},"end":{"line":70,"column":5}},"70":{"start":{"line":71,"column":0},"end":{"line":71,"column":0}},"71":{"start":{"line":72,"column":0},"end":{"line":72,"column":18}},"72":{"start":{"line":73,"column":0},"end":{"line":73,"column":3}},"73":{"start":{"line":74,"column":0},"end":{"line":74,"column":0}},"74":{"start":{"line":75,"column":0},"end":{"line":75,"column":27}},"75":{"start":{"line":76,"column":0},"end":{"line":76,"column":22}},"76":{"start":{"line":77,"column":0},"end":{"line":77,"column":0}},"77":{"start":{"line":78,"column":0},"end":{"line":78,"column":31}},"78":{"start":{"line":79,"column":0},"end":{"line":79,"column":54}},"79":{"start":{"line":80,"column":0},"end":{"line":80,"column":5}},"80":{"start":{"line":81,"column":0},"end":{"line":81,"column":47}},"81":{"start":{"line":82,"column":0},"end":{"line":82,"column":32}},"82":{"start":{"line":83,"column":0},"end":{"line":83,"column":49}},"83":{"start":{"line":84,"column":0},"end":{"line":84,"column":5}},"84":{"start":{"line":85,"column":0},"end":{"line":85,"column":0}},"85":{"start":{"line":86,"column":0},"end":{"line":86,"column":18}},"86":{"start":{"line":87,"column":0},"end":{"line":87,"column":3}},"87":{"start":{"line":88,"column":0},"end":{"line":88,"column":0}},"88":{"start":{"line":89,"column":0},"end":{"line":89,"column":13}},"89":{"start":{"line":90,"column":0},"end":{"line":90,"column":20}},"90":{"start":{"line":91,"column":0},"end":{"line":91,"column":28}},"91":{"start":{"line":92,"column":0},"end":{"line":92,"column":31}},"92":{"start":{"line":93,"column":0},"end":{"line":93,"column":30}},"93":{"start":{"line":94,"column":0},"end":{"line":94,"column":33}},"94":{"start":{"line":95,"column":0},"end":{"line":95,"column":37}},"95":{"start":{"line":96,"column":0},"end":{"line":96,"column":6}},"96":{"start":{"line":97,"column":0},"end":{"line":97,"column":18}},"97":{"start":{"line":98,"column":0},"end":{"line":98,"column":3}},"98":{"start":{"line":99,"column":0},"end":{"line":99,"column":1}},"99":{"start":{"line":100,"column":0},"end":{"line":100,"column":0}},"100":{"start":{"line":101,"column":0},"end":{"line":101,"column":21}}},"s":{"0":1,"1":1,"2":47,"3":47,"4":47,"5":47,"6":47,"7":47,"8":1,"9":1,"10":45,"11":45,"12":45,"13":4,"14":45,"15":2,"16":41,"17":2,"18":39,"19":3,"20":37,"21":34,"22":34,"23":3,"24":3,"25":34,"26":45,"27":45,"28":45,"29":1,"30":1,"31":45,"32":45,"33":45,"34":2,"35":45,"36":2,"37":43,"38":2,"39":2,"40":45,"41":45,"42":45,"43":1,"44":1,"45":45,"46":45,"47":45,"48":2,"49":45,"50":2,"51":43,"52":2,"53":41,"54":2,"55":2,"56":45,"57":45,"58":45,"59":1,"60":1,"61":45,"62":45,"63":45,"64":2,"65":45,"66":2,"67":43,"68":2,"69":2,"70":45,"71":45,"72":45,"73":1,"74":1,"75":45,"76":45,"77":45,"78":4,"79":4,"80":45,"81":45,"82":5,"83":5,"84":45,"85":45,"86":45,"87":1,"88":1,"89":45,"90":45,"91":45,"92":45,"93":45,"94":45,"95":45,"96":45,"97":45,"98":1,"99":1,"100":1},"branchMap":{"0":{"type":"branch","line":2,"loc":{"start":{"line":2,"column":2},"end":{"line":8,"column":3}},"locations":[{"start":{"line":2,"column":2},"end":{"line":8,"column":3}}]},"1":{"type":"branch","line":10,"loc":{"start":{"line":10,"column":2},"end":{"line":29,"column":3}},"locations":[{"start":{"line":10,"column":2},"end":{"line":29,"column":3}}]},"2":{"type":"branch","line":13,"loc":{"start":{"line":13,"column":20},"end":{"line":15,"column":5}},"locations":[{"start":{"line":13,"column":20},"end":{"line":15,"column":5}}]},"3":{"type":"branch","line":15,"loc":{"start":{"line":15,"column":5},"end":{"line":26,"column":5}},"locations":[{"start":{"line":15,"column":5},"end":{"line":26,"column":5}}]},"4":{"type":"branch","line":15,"loc":{"start":{"line":15,"column":46},"end":{"line":17,"column":5}},"locations":[{"start":{"line":15,"column":46},"end":{"line":17,"column":5}}]},"5":{"type":"branch","line":17,"loc":{"start":{"line":17,"column":5},"end":{"line":26,"column":5}},"locations":[{"start":{"line":17,"column":5},"end":{"line":26,"column":5}}]},"6":{"type":"branch","line":17,"loc":{"start":{"line":17,"column":40},"end":{"line":19,"column":5}},"locations":[{"start":{"line":17,"column":40},"end":{"line":19,"column":5}}]},"7":{"type":"branch","line":19,"loc":{"start":{"line":19,"column":5},"end":{"line":26,"column":5}},"locations":[{"start":{"line":19,"column":5},"end":{"line":26,"column":5}}]},"8":{"type":"branch","line":19,"loc":{"start":{"line":19,"column":39},"end":{"line":21,"column":5}},"locations":[{"start":{"line":19,"column":39},"end":{"line":21,"column":5}}]},"9":{"type":"branch","line":21,"loc":{"start":{"line":21,"column":5},"end":{"line":26,"column":5}},"locations":[{"start":{"line":21,"column":5},"end":{"line":26,"column":5}}]},"10":{"type":"branch","line":23,"loc":{"start":{"line":23,"column":33},"end":{"line":25,"column":7}},"locations":[{"start":{"line":23,"column":33},"end":{"line":25,"column":7}}]},"11":{"type":"branch","line":31,"loc":{"start":{"line":31,"column":2},"end":{"line":43,"column":3}},"locations":[{"start":{"line":31,"column":2},"end":{"line":43,"column":3}}]},"12":{"type":"branch","line":34,"loc":{"start":{"line":34,"column":23},"end":{"line":36,"column":5}},"locations":[{"start":{"line":34,"column":23},"end":{"line":36,"column":5}}]},"13":{"type":"branch","line":36,"loc":{"start":{"line":36,"column":5},"end":{"line":40,"column":5}},"locations":[{"start":{"line":36,"column":5},"end":{"line":40,"column":5}}]},"14":{"type":"branch","line":36,"loc":{"start":{"line":36,"column":49},"end":{"line":38,"column":5}},"locations":[{"start":{"line":36,"column":49},"end":{"line":38,"column":5}}]},"15":{"type":"branch","line":38,"loc":{"start":{"line":38,"column":5},"end":{"line":40,"column":5}},"locations":[{"start":{"line":38,"column":5},"end":{"line":40,"column":5}}]},"16":{"type":"branch","line":38,"loc":{"start":{"line":38,"column":43},"end":{"line":40,"column":5}},"locations":[{"start":{"line":38,"column":43},"end":{"line":40,"column":5}}]},"17":{"type":"branch","line":45,"loc":{"start":{"line":45,"column":2},"end":{"line":59,"column":3}},"locations":[{"start":{"line":45,"column":2},"end":{"line":59,"column":3}}]},"18":{"type":"branch","line":48,"loc":{"start":{"line":48,"column":22},"end":{"line":50,"column":5}},"locations":[{"start":{"line":48,"column":22},"end":{"line":50,"column":5}}]},"19":{"type":"branch","line":50,"loc":{"start":{"line":50,"column":5},"end":{"line":56,"column":5}},"locations":[{"start":{"line":50,"column":5},"end":{"line":56,"column":5}}]},"20":{"type":"branch","line":50,"loc":{"start":{"line":50,"column":48},"end":{"line":52,"column":5}},"locations":[{"start":{"line":50,"column":48},"end":{"line":52,"column":5}}]},"21":{"type":"branch","line":52,"loc":{"start":{"line":52,"column":5},"end":{"line":56,"column":5}},"locations":[{"start":{"line":52,"column":5},"end":{"line":56,"column":5}}]},"22":{"type":"branch","line":52,"loc":{"start":{"line":52,"column":42},"end":{"line":54,"column":5}},"locations":[{"start":{"line":52,"column":42},"end":{"line":54,"column":5}}]},"23":{"type":"branch","line":54,"loc":{"start":{"line":54,"column":5},"end":{"line":56,"column":5}},"locations":[{"start":{"line":54,"column":5},"end":{"line":56,"column":5}}]},"24":{"type":"branch","line":54,"loc":{"start":{"line":54,"column":35},"end":{"line":56,"column":5}},"locations":[{"start":{"line":54,"column":35},"end":{"line":56,"column":5}}]},"25":{"type":"branch","line":61,"loc":{"start":{"line":61,"column":2},"end":{"line":73,"column":3}},"locations":[{"start":{"line":61,"column":2},"end":{"line":73,"column":3}}]},"26":{"type":"branch","line":64,"loc":{"start":{"line":64,"column":25},"end":{"line":66,"column":5}},"locations":[{"start":{"line":64,"column":25},"end":{"line":66,"column":5}}]},"27":{"type":"branch","line":66,"loc":{"start":{"line":66,"column":5},"end":{"line":70,"column":5}},"locations":[{"start":{"line":66,"column":5},"end":{"line":70,"column":5}}]},"28":{"type":"branch","line":66,"loc":{"start":{"line":66,"column":51},"end":{"line":68,"column":5}},"locations":[{"start":{"line":66,"column":51},"end":{"line":68,"column":5}}]},"29":{"type":"branch","line":68,"loc":{"start":{"line":68,"column":5},"end":{"line":70,"column":5}},"locations":[{"start":{"line":68,"column":5},"end":{"line":70,"column":5}}]},"30":{"type":"branch","line":68,"loc":{"start":{"line":68,"column":45},"end":{"line":70,"column":5}},"locations":[{"start":{"line":68,"column":45},"end":{"line":70,"column":5}}]},"31":{"type":"branch","line":75,"loc":{"start":{"line":75,"column":2},"end":{"line":87,"column":3}},"locations":[{"start":{"line":75,"column":2},"end":{"line":87,"column":3}}]},"32":{"type":"branch","line":78,"loc":{"start":{"line":78,"column":30},"end":{"line":80,"column":5}},"locations":[{"start":{"line":78,"column":30},"end":{"line":80,"column":5}}]},"33":{"type":"branch","line":82,"loc":{"start":{"line":82,"column":31},"end":{"line":84,"column":5}},"locations":[{"start":{"line":82,"column":31},"end":{"line":84,"column":5}}]},"34":{"type":"branch","line":89,"loc":{"start":{"line":89,"column":2},"end":{"line":98,"column":3}},"locations":[{"start":{"line":89,"column":2},"end":{"line":98,"column":3}}]}},"b":{"0":[47],"1":[45],"2":[4],"3":[41],"4":[2],"5":[39],"6":[2],"7":[37],"8":[3],"9":[34],"10":[3],"11":[45],"12":[2],"13":[43],"14":[2],"15":[41],"16":[2],"17":[45],"18":[2],"19":[43],"20":[2],"21":[41],"22":[2],"23":[39],"24":[2],"25":[45],"26":[2],"27":[43],"28":[2],"29":[41],"30":[2],"31":[45],"32":[4],"33":[5],"34":[45]},"fnMap":{"0":{"name":"Candidato","decl":{"start":{"line":2,"column":2},"end":{"line":8,"column":3}},"loc":{"start":{"line":2,"column":2},"end":{"line":8,"column":3}},"line":2},"1":{"name":"validarNome","decl":{"start":{"line":10,"column":2},"end":{"line":29,"column":3}},"loc":{"start":{"line":10,"column":2},"end":{"line":29,"column":3}},"line":10},"2":{"name":"validarPartido","decl":{"start":{"line":31,"column":2},"end":{"line":43,"column":3}},"loc":{"start":{"line":31,"column":2},"end":{"line":43,"column":3}},"line":31},"3":{"name":"validarNumero","decl":{"start":{"line":45,"column":2},"end":{"line":59,"column":3}},"loc":{"start":{"line":45,"column":2},"end":{"line":59,"column":3}},"line":45},"4":{"name":"validarURLImagem","decl":{"start":{"line":61,"column":2},"end":{"line":73,"column":3}},"loc":{"start":{"line":61,"column":2},"end":{"line":73,"column":3}},"line":61},"5":{"name":"validarDataNascimento","decl":{"start":{"line":75,"column":2},"end":{"line":87,"column":3}},"loc":{"start":{"line":75,"column":2},"end":{"line":87,"column":3}},"line":75},"6":{"name":"validar","decl":{"start":{"line":89,"column":2},"end":{"line":98,"column":3}},"loc":{"start":{"line":89,"column":2},"end":{"line":98,"column":3}},"line":89}},"f":{"0":47,"1":45,"2":45,"3":45,"4":45,"5":45,"6":45}}
,"C:\\Users\\Laura Godinho\\Documents\\UFMG\\Optativas\\Testes de software\\tp-testes-software-urna-eletronica\\entidades\\Deputado.js": {"path":"C:\\Users\\Laura Godinho\\Documents\\UFMG\\Optativas\\Testes de software\\tp-testes-software-urna-eletronica\\entidades\\Deputado.js","all":false,"statementMap":{"0":{"start":{"line":1,"column":0},"end":{"line":1,"column":43}},"1":{"start":{"line":2,"column":0},"end":{"line":2,"column":0}},"2":{"start":{"line":3,"column":0},"end":{"line":3,"column":34}},"3":{"start":{"line":4,"column":0},"end":{"line":4,"column":65}},"4":{"start":{"line":5,"column":0},"end":{"line":5,"column":60}},"5":{"start":{"line":6,"column":0},"end":{"line":6,"column":76}},"6":{"start":{"line":7,"column":0},"end":{"line":7,"column":3}},"7":{"start":{"line":8,"column":0},"end":{"line":8,"column":0}},"8":{"start":{"line":9,"column":0},"end":{"line":9,"column":13}},"9":{"start":{"line":10,"column":0},"end":{"line":10,"column":35}},"10":{"start":{"line":11,"column":0},"end":{"line":11,"column":2}},"11":{"start":{"line":12,"column":0},"end":{"line":12,"column":35}},"12":{"start":{"line":13,"column":0},"end":{"line":13,"column":59}},"13":{"start":{"line":14,"column":0},"end":{"line":14,"column":5}},"14":{"start":{"line":15,"column":0},"end":{"line":15,"column":57}},"15":{"start":{"line":16,"column":0},"end":{"line":16,"column":28}},"16":{"start":{"line":17,"column":0},"end":{"line":17,"column":4}},"17":{"start":{"line":18,"column":0},"end":{"line":18,"column":68}},"18":{"start":{"line":19,"column":0},"end":{"line":19,"column":71}},"19":{"start":{"line":20,"column":0},"end":{"line":20,"column":69}},"20":{"start":{"line":21,"column":0},"end":{"line":21,"column":2}},"21":{"start":{"line":22,"column":0},"end":{"line":22,"column":8}},"22":{"start":{"line":23,"column":0},"end":{"line":23,"column":19}},"23":{"start":{"line":24,"column":0},"end":{"line":24,"column":92}},"24":{"start":{"line":25,"column":0},"end":{"line":25,"column":7}},"25":{"start":{"line":26,"column":0},"end":{"line":26,"column":84}},"26":{"start":{"line":27,"column":0},"end":{"line":27,"column":5}},"27":{"start":{"line":28,"column":0},"end":{"line":28,"column":2}},"28":{"start":{"line":29,"column":0},"end":{"line":29,"column":18}},"29":{"start":{"line":30,"column":0},"end":{"line":30,"column":3}},"30":{"start":{"line":31,"column":0},"end":{"line":31,"column":0}},"31":{"start":{"line":32,"column":0},"end":{"line":32,"column":1}},"32":{"start":{"line":33,"column":0},"end":{"line":33,"column":0}},"33":{"start":{"line":34,"column":0},"end":{"line":34,"column":20}}},"s":{"0":1,"1":1,"2":1,"3":1,"4":22,"5":22,"6":22,"7":1,"8":1,"9":21,"10":21,"11":21,"12":5,"13":5,"14":21,"15":21,"16":21,"17":21,"18":21,"19":21,"20":21,"21":21,"22":21,"23":20,"24":21,"25":2,"26":2,"27":21,"28":21,"29":21,"30":1,"31":1,"32":1,"33":1},"branchMap":{"0":{"type":"branch","line":4,"loc":{"start":{"line":4,"column":2},"end":{"line":7,"column":3}},"locations":[{"start":{"line":4,"column":2},"end":{"line":7,"column":3}}]},"1":{"type":"branch","line":9,"loc":{"start":{"line":9,"column":2},"end":{"line":30,"column":3}},"locations":[{"start":{"line":9,"column":2},"end":{"line":30,"column":3}}]},"2":{"type":"branch","line":12,"loc":{"start":{"line":12,"column":34},"end":{"line":14,"column":5}},"locations":[{"start":{"line":12,"column":34},"end":{"line":14,"column":5}}]},"3":{"type":"branch","line":23,"loc":{"start":{"line":23,"column":16},"end":{"line":24,"column":92}},"locations":[{"start":{"line":23,"column":16},"end":{"line":24,"column":92}}]},"4":{"type":"branch","line":24,"loc":{"start":{"line":24,"column":19},"end":{"line":24,"column":92}},"locations":[{"start":{"line":24,"column":19},"end":{"line":24,"column":92}}]},"5":{"type":"branch","line":24,"loc":{"start":{"line":24,"column":42},"end":{"line":24,"column":90}},"locations":[{"start":{"line":24,"column":42},"end":{"line":24,"column":90}}]},"6":{"type":"branch","line":25,"loc":{"start":{"line":25,"column":6},"end":{"line":27,"column":5}},"locations":[{"start":{"line":25,"column":6},"end":{"line":27,"column":5}}]}},"b":{"0":[22],"1":[21],"2":[5],"3":[20],"4":[2],"5":[1],"6":[2]},"fnMap":{"0":{"name":"Deputado","decl":{"start":{"line":4,"column":2},"end":{"line":7,"column":3}},"loc":{"start":{"line":4,"column":2},"end":{"line":7,"column":3}},"line":4},"1":{"name":"validar","decl":{"start":{"line":9,"column":2},"end":{"line":30,"column":3}},"loc":{"start":{"line":9,"column":2},"end":{"line":30,"column":3}},"line":9}},"f":{"0":22,"1":21}}
,"C:\\Users\\Laura Godinho\\Documents\\UFMG\\Optativas\\Testes de software\\tp-testes-software-urna-eletronica\\entidades\\Presidente.js": {"path":"C:\\Users\\Laura Godinho\\Documents\\UFMG\\Optativas\\Testes de software\\tp-testes-software-urna-eletronica\\entidades\\Presidente.js","all":false,"statementMap":{"0":{"start":{"line":1,"column":0},"end":{"line":1,"column":43}},"1":{"start":{"line":2,"column":0},"end":{"line":2,"column":0}},"2":{"start":{"line":3,"column":0},"end":{"line":3,"column":36}},"3":{"start":{"line":4,"column":0},"end":{"line":4,"column":65}},"4":{"start":{"line":5,"column":0},"end":{"line":5,"column":62}},"5":{"start":{"line":6,"column":0},"end":{"line":6,"column":6}},"6":{"start":{"line":7,"column":0},"end":{"line":7,"column":3}},"7":{"start":{"line":8,"column":0},"end":{"line":8,"column":0}},"8":{"start":{"line":9,"column":0},"end":{"line":9,"column":13}},"9":{"start":{"line":10,"column":0},"end":{"line":10,"column":35}},"10":{"start":{"line":11,"column":0},"end":{"line":11,"column":0}},"11":{"start":{"line":12,"column":0},"end":{"line":12,"column":35}},"12":{"start":{"line":13,"column":0},"end":{"line":13,"column":61}},"13":{"start":{"line":14,"column":0},"end":{"line":14,"column":5}},"14":{"start":{"line":15,"column":0},"end":{"line":15,"column":0}},"15":{"start":{"line":16,"column":0},"end":{"line":16,"column":69}},"16":{"start":{"line":17,"column":0},"end":{"line":17,"column":28}},"17":{"start":{"line":18,"column":0},"end":{"line":18,"column":73}},"18":{"start":{"line":19,"column":0},"end":{"line":19,"column":30}},"19":{"start":{"line":20,"column":0},"end":{"line":20,"column":98}},"20":{"start":{"line":21,"column":0},"end":{"line":21,"column":5}},"21":{"start":{"line":22,"column":0},"end":{"line":22,"column":0}},"22":{"start":{"line":23,"column":0},"end":{"line":23,"column":18}},"23":{"start":{"line":24,"column":0},"end":{"line":24,"column":3}},"24":{"start":{"line":25,"column":0},"end":{"line":25,"column":0}},"25":{"start":{"line":26,"column":0},"end":{"line":26,"column":43}},"26":{"start":{"line":27,"column":0},"end":{"line":27,"column":49}},"27":{"start":{"line":28,"column":0},"end":{"line":28,"column":50}},"28":{"start":{"line":29,"column":0},"end":{"line":29,"column":5}},"29":{"start":{"line":30,"column":0},"end":{"line":30,"column":50}},"30":{"start":{"line":31,"column":0},"end":{"line":31,"column":70}},"31":{"start":{"line":32,"column":0},"end":{"line":32,"column":54}},"32":{"start":{"line":33,"column":0},"end":{"line":33,"column":56}},"33":{"start":{"line":34,"column":0},"end":{"line":34,"column":60}},"34":{"start":{"line":35,"column":0},"end":{"line":35,"column":3}},"35":{"start":{"line":36,"column":0},"end":{"line":36,"column":1}},"36":{"start":{"line":37,"column":0},"end":{"line":37,"column":0}},"37":{"start":{"line":38,"column":0},"end":{"line":38,"column":22}}},"s":{"0":1,"1":1,"2":1,"3":1,"4":0,"5":0,"6":0,"7":1,"8":1,"9":0,"10":0,"11":0,"12":0,"13":0,"14":0,"15":0,"16":0,"17":0,"18":0,"19":0,"20":0,"21":0,"22":0,"23":0,"24":1,"25":1,"26":0,"27":0,"28":0,"29":0,"30":0,"31":0,"32":0,"33":0,"34":0,"35":1,"36":1,"37":1},"branchMap":{},"b":{},"fnMap":{"0":{"name":"Presidente","decl":{"start":{"line":4,"column":2},"end":{"line":7,"column":3}},"loc":{"start":{"line":4,"column":2},"end":{"line":7,"column":3}},"line":4},"1":{"name":"validar","decl":{"start":{"line":9,"column":2},"end":{"line":24,"column":3}},"loc":{"start":{"line":9,"column":2},"end":{"line":24,"column":3}},"line":9},"2":{"name":"adicionarVicePresidente","decl":{"start":{"line":26,"column":2},"end":{"line":35,"column":3}},"loc":{"start":{"line":26,"column":2},"end":{"line":35,"column":3}},"line":26}},"f":{"0":0,"1":0,"2":0}}
,"C:\\Users\\Laura Godinho\\Documents\\UFMG\\Optativas\\Testes de software\\tp-testes-software-urna-eletronica\\entidades\\Relatorio.js": {"path":"C:\\Users\\Laura Godinho\\Documents\\UFMG\\Optativas\\Testes de software\\tp-testes-software-urna-eletronica\\entidades\\Relatorio.js","all":false,"statementMap":{"0":{"start":{"line":1,"column":0},"end":{"line":1,"column":17}},"1":{"start":{"line":2,"column":0},"end":{"line":2,"column":58}},"2":{"start":{"line":3,"column":0},"end":{"line":3,"column":43}},"3":{"start":{"line":4,"column":0},"end":{"line":4,"column":35}},"4":{"start":{"line":5,"column":0},"end":{"line":5,"column":43}},"5":{"start":{"line":6,"column":0},"end":{"line":6,"column":5}},"6":{"start":{"line":7,"column":0},"end":{"line":7,"column":0}},"7":{"start":{"line":8,"column":0},"end":{"line":8,"column":15}},"8":{"start":{"line":9,"column":0},"end":{"line":9,"column":25}},"9":{"start":{"line":10,"column":0},"end":{"line":10,"column":34}},"10":{"start":{"line":11,"column":0},"end":{"line":11,"column":76}},"11":{"start":{"line":12,"column":0},"end":{"line":12,"column":9}},"12":{"start":{"line":13,"column":0},"end":{"line":13,"column":53}},"13":{"start":{"line":14,"column":0},"end":{"line":14,"column":69}},"14":{"start":{"line":15,"column":0},"end":{"line":15,"column":9}},"15":{"start":{"line":16,"column":0},"end":{"line":16,"column":84}},"16":{"start":{"line":17,"column":0},"end":{"line":17,"column":87}},"17":{"start":{"line":18,"column":0},"end":{"line":18,"column":9}},"18":{"start":{"line":19,"column":0},"end":{"line":19,"column":46}},"19":{"start":{"line":20,"column":0},"end":{"line":20,"column":79}},"20":{"start":{"line":21,"column":0},"end":{"line":21,"column":9}},"21":{"start":{"line":22,"column":0},"end":{"line":22,"column":35}},"22":{"start":{"line":23,"column":0},"end":{"line":23,"column":44}},"23":{"start":{"line":24,"column":0},"end":{"line":24,"column":94}},"24":{"start":{"line":25,"column":0},"end":{"line":25,"column":9}},"25":{"start":{"line":26,"column":0},"end":{"line":26,"column":67}},"26":{"start":{"line":27,"column":0},"end":{"line":27,"column":0}},"27":{"start":{"line":28,"column":0},"end":{"line":28,"column":0}},"28":{"start":{"line":29,"column":0},"end":{"line":29,"column":5}},"29":{"start":{"line":30,"column":0},"end":{"line":30,"column":0}},"30":{"start":{"line":31,"column":0},"end":{"line":31,"column":31}},"31":{"start":{"line":32,"column":0},"end":{"line":32,"column":38}},"32":{"start":{"line":33,"column":0},"end":{"line":33,"column":0}},"33":{"start":{"line":34,"column":0},"end":{"line":34,"column":83}},"34":{"start":{"line":35,"column":0},"end":{"line":35,"column":53}},"35":{"start":{"line":36,"column":0},"end":{"line":36,"column":0}},"36":{"start":{"line":37,"column":0},"end":{"line":37,"column":64}},"37":{"start":{"line":38,"column":0},"end":{"line":38,"column":31}},"38":{"start":{"line":39,"column":0},"end":{"line":39,"column":131}},"39":{"start":{"line":40,"column":0},"end":{"line":40,"column":9}},"40":{"start":{"line":41,"column":0},"end":{"line":41,"column":0}},"41":{"start":{"line":42,"column":0},"end":{"line":42,"column":61}},"42":{"start":{"line":43,"column":0},"end":{"line":43,"column":45}},"43":{"start":{"line":44,"column":0},"end":{"line":44,"column":0}},"44":{"start":{"line":45,"column":0},"end":{"line":45,"column":55}},"45":{"start":{"line":46,"column":0},"end":{"line":46,"column":32}},"46":{"start":{"line":47,"column":0},"end":{"line":47,"column":103}},"47":{"start":{"line":48,"column":0},"end":{"line":48,"column":9}},"48":{"start":{"line":49,"column":0},"end":{"line":49,"column":0}},"49":{"start":{"line":50,"column":0},"end":{"line":50,"column":0}},"50":{"start":{"line":51,"column":0},"end":{"line":51,"column":18}},"51":{"start":{"line":52,"column":0},"end":{"line":52,"column":48}},"52":{"start":{"line":53,"column":0},"end":{"line":53,"column":37}},"53":{"start":{"line":54,"column":0},"end":{"line":54,"column":43}},"54":{"start":{"line":55,"column":0},"end":{"line":55,"column":9}},"55":{"start":{"line":56,"column":0},"end":{"line":56,"column":16}},"56":{"start":{"line":57,"column":0},"end":{"line":57,"column":20}},"57":{"start":{"line":58,"column":0},"end":{"line":58,"column":25}},"58":{"start":{"line":59,"column":0},"end":{"line":59,"column":26}},"59":{"start":{"line":60,"column":0},"end":{"line":60,"column":20}},"60":{"start":{"line":61,"column":0},"end":{"line":61,"column":22}},"61":{"start":{"line":62,"column":0},"end":{"line":62,"column":13}},"62":{"start":{"line":63,"column":0},"end":{"line":63,"column":16}},"63":{"start":{"line":64,"column":0},"end":{"line":64,"column":23}},"64":{"start":{"line":65,"column":0},"end":{"line":65,"column":9}},"65":{"start":{"line":66,"column":0},"end":{"line":66,"column":49}},"66":{"start":{"line":67,"column":0},"end":{"line":67,"column":37}},"67":{"start":{"line":68,"column":0},"end":{"line":68,"column":123}},"68":{"start":{"line":69,"column":0},"end":{"line":69,"column":9}},"69":{"start":{"line":70,"column":0},"end":{"line":70,"column":0}},"70":{"start":{"line":71,"column":0},"end":{"line":71,"column":15}},"71":{"start":{"line":72,"column":0},"end":{"line":72,"column":47}},"72":{"start":{"line":73,"column":0},"end":{"line":73,"column":38}},"73":{"start":{"line":74,"column":0},"end":{"line":74,"column":44}},"74":{"start":{"line":75,"column":0},"end":{"line":75,"column":9}},"75":{"start":{"line":76,"column":0},"end":{"line":76,"column":16}},"76":{"start":{"line":77,"column":0},"end":{"line":77,"column":20}},"77":{"start":{"line":78,"column":0},"end":{"line":78,"column":25}},"78":{"start":{"line":79,"column":0},"end":{"line":79,"column":26}},"79":{"start":{"line":80,"column":0},"end":{"line":80,"column":20}},"80":{"start":{"line":81,"column":0},"end":{"line":81,"column":22}},"81":{"start":{"line":82,"column":0},"end":{"line":82,"column":13}},"82":{"start":{"line":83,"column":0},"end":{"line":83,"column":16}},"83":{"start":{"line":84,"column":0},"end":{"line":84,"column":23}},"84":{"start":{"line":85,"column":0},"end":{"line":85,"column":9}},"85":{"start":{"line":86,"column":0},"end":{"line":86,"column":48}},"86":{"start":{"line":87,"column":0},"end":{"line":87,"column":37}},"87":{"start":{"line":88,"column":0},"end":{"line":88,"column":122}},"88":{"start":{"line":89,"column":0},"end":{"line":89,"column":9}},"89":{"start":{"line":90,"column":0},"end":{"line":90,"column":0}},"90":{"start":{"line":91,"column":0},"end":{"line":91,"column":34}},"91":{"start":{"line":92,"column":0},"end":{"line":92,"column":5}},"92":{"start":{"line":93,"column":0},"end":{"line":93,"column":1}},"93":{"start":{"line":94,"column":0},"end":{"line":94,"column":21}}},"s":{"0":1,"1":1,"2":0,"3":0,"4":0,"5":0,"6":1,"7":1,"8":0,"9":0,"10":0,"11":0,"12":0,"13":0,"14":0,"15":0,"16":0,"17":0,"18":0,"19":0,"20":0,"21":0,"22":0,"23":0,"24":0,"25":0,"26":0,"27":0,"28":0,"29":1,"30":1,"31":0,"32":0,"33":0,"34":0,"35":0,"36":0,"37":0,"38":0,"39":0,"40":0,"41":0,"42":0,"43":0,"44":0,"45":0,"46":0,"47":0,"48":0,"49":0,"50":0,"51":0,"52":0,"53":0,"54":0,"55":0,"56":0,"57":0,"58":0,"59":0,"60":0,"61":0,"62":0,"63":0,"64":0,"65":0,"66":0,"67":0,"68":0,"69":0,"70":0,"71":0,"72":0,"73":0,"74":0,"75":0,"76":0,"77":0,"78":0,"79":0,"80":0,"81":0,"82":0,"83":0,"84":0,"85":0,"86":0,"87":0,"88":0,"89":0,"90":0,"91":0,"92":1,"93":1},"branchMap":{},"b":{},"fnMap":{"0":{"name":"Relatorio","decl":{"start":{"line":2,"column":4},"end":{"line":6,"column":5}},"loc":{"start":{"line":2,"column":4},"end":{"line":6,"column":5}},"line":2},"1":{"name":"validar","decl":{"start":{"line":8,"column":4},"end":{"line":29,"column":5}},"loc":{"start":{"line":8,"column":4},"end":{"line":29,"column":5}},"line":8},"2":{"name":"validateTituloEleitor","decl":{"start":{"line":31,"column":4},"end":{"line":92,"column":5}},"loc":{"start":{"line":31,"column":4},"end":{"line":92,"column":5}},"line":31}},"f":{"0":0,"1":0,"2":0}}
,"C:\\Users\\Laura Godinho\\Documents\\UFMG\\Optativas\\Testes de software\\tp-testes-software-urna-eletronica\\entidades\\Voto.js": {"path":"C:\\Users\\Laura Godinho\\Documents\\UFMG\\Optativas\\Testes de software\\tp-testes-software-urna-eletronica\\entidades\\Voto.js","all":false,"statementMap":{"0":{"start":{"line":1,"column":0},"end":{"line":1,"column":12}},"1":{"start":{"line":2,"column":0},"end":{"line":2,"column":51}},"2":{"start":{"line":3,"column":0},"end":{"line":3,"column":5}},"3":{"start":{"line":4,"column":0},"end":{"line":4,"column":49}},"4":{"start":{"line":5,"column":0},"end":{"line":5,"column":45}},"5":{"start":{"line":6,"column":0},"end":{"line":6,"column":35}},"6":{"start":{"line":7,"column":0},"end":{"line":7,"column":5}},"7":{"start":{"line":8,"column":0},"end":{"line":8,"column":0}},"8":{"start":{"line":9,"column":0},"end":{"line":9,"column":47}},"9":{"start":{"line":10,"column":0},"end":{"line":10,"column":23}},"10":{"start":{"line":11,"column":0},"end":{"line":11,"column":0}},"11":{"start":{"line":12,"column":0},"end":{"line":12,"column":40}},"12":{"start":{"line":13,"column":0},"end":{"line":13,"column":64}},"13":{"start":{"line":14,"column":0},"end":{"line":14,"column":9}},"14":{"start":{"line":15,"column":0},"end":{"line":15,"column":116}},"15":{"start":{"line":16,"column":0},"end":{"line":16,"column":66}},"16":{"start":{"line":17,"column":0},"end":{"line":17,"column":9}},"17":{"start":{"line":18,"column":0},"end":{"line":18,"column":85}},"18":{"start":{"line":19,"column":0},"end":{"line":19,"column":65}},"19":{"start":{"line":20,"column":0},"end":{"line":20,"column":9}},"20":{"start":{"line":21,"column":0},"end":{"line":21,"column":38}},"21":{"start":{"line":22,"column":0},"end":{"line":22,"column":62}},"22":{"start":{"line":23,"column":0},"end":{"line":23,"column":9}},"23":{"start":{"line":24,"column":0},"end":{"line":24,"column":110}},"24":{"start":{"line":25,"column":0},"end":{"line":25,"column":64}},"25":{"start":{"line":26,"column":0},"end":{"line":26,"column":9}},"26":{"start":{"line":27,"column":0},"end":{"line":27,"column":81}},"27":{"start":{"line":28,"column":0},"end":{"line":28,"column":63}},"28":{"start":{"line":29,"column":0},"end":{"line":29,"column":9}},"29":{"start":{"line":30,"column":0},"end":{"line":30,"column":0}},"30":{"start":{"line":31,"column":0},"end":{"line":31,"column":21}},"31":{"start":{"line":32,"column":0},"end":{"line":32,"column":5}},"32":{"start":{"line":33,"column":0},"end":{"line":33,"column":1}},"33":{"start":{"line":34,"column":0},"end":{"line":34,"column":0}},"34":{"start":{"line":35,"column":0},"end":{"line":35,"column":16}}},"s":{"0":1,"1":1,"2":0,"3":0,"4":0,"5":0,"6":0,"7":1,"8":1,"9":0,"10":0,"11":0,"12":0,"13":0,"14":0,"15":0,"16":0,"17":0,"18":0,"19":0,"20":0,"21":0,"22":0,"23":0,"24":0,"25":0,"26":0,"27":0,"28":0,"29":0,"30":0,"31":0,"32":1,"33":1,"34":1},"branchMap":{},"b":{},"fnMap":{"0":{"name":"Voto","decl":{"start":{"line":2,"column":4},"end":{"line":7,"column":5}},"loc":{"start":{"line":2,"column":4},"end":{"line":7,"column":5}},"line":2},"1":{"name":"validar","decl":{"start":{"line":9,"column":4},"end":{"line":32,"column":5}},"loc":{"start":{"line":9,"column":4},"end":{"line":32,"column":5}},"line":9}},"f":{"0":0,"1":0}}
}
