TN:
SF:entidades\Candidato.js
FN:2,Candidato
FN:10,validarNome
FN:31,validarPartido
FN:45,validarNumero
FN:61,validarURLImagem
FN:75,validarDataNascimento
FN:89,validar
FNF:7
FNH:7
FNDA:47,Candidato
FNDA:45,validarNome
FNDA:45,validarPartido
FNDA:45,validarNumero
FNDA:45,validarURLImagem
FNDA:45,validarDataNascimento
FNDA:45,validar
DA:1,1
DA:2,1
DA:3,47
DA:4,47
DA:5,47
DA:6,47
DA:7,47
DA:8,47
DA:9,1
DA:10,1
DA:11,45
DA:12,45
DA:13,45
DA:14,4
DA:15,45
DA:16,2
DA:17,41
DA:18,2
DA:19,39
DA:20,3
DA:21,37
DA:22,34
DA:23,34
DA:24,3
DA:25,3
DA:26,34
DA:27,45
DA:28,45
DA:29,45
DA:30,1
DA:31,1
DA:32,45
DA:33,45
DA:34,45
DA:35,2
DA:36,45
DA:37,2
DA:38,43
DA:39,2
DA:40,2
DA:41,45
DA:42,45
DA:43,45
DA:44,1
DA:45,1
DA:46,45
DA:47,45
DA:48,45
DA:49,2
DA:50,45
DA:51,2
DA:52,43
DA:53,2
DA:54,41
DA:55,2
DA:56,2
DA:57,45
DA:58,45
DA:59,45
DA:60,1
DA:61,1
DA:62,45
DA:63,45
DA:64,45
DA:65,2
DA:66,45
DA:67,2
DA:68,43
DA:69,2
DA:70,2
DA:71,45
DA:72,45
DA:73,45
DA:74,1
DA:75,1
DA:76,45
DA:77,45
DA:78,45
DA:79,4
DA:80,4
DA:81,45
DA:82,45
DA:83,5
DA:84,5
DA:85,45
DA:86,45
DA:87,45
DA:88,1
DA:89,1
DA:90,45
DA:91,45
DA:92,45
DA:93,45
DA:94,45
DA:95,45
DA:96,45
DA:97,45
DA:98,45
DA:99,1
DA:100,1
DA:101,1
LF:101
LH:101
BRDA:2,0,0,47
BRDA:10,1,0,45
BRDA:13,2,0,4
BRDA:15,3,0,41
BRDA:15,4,0,2
BRDA:17,5,0,39
BRDA:17,6,0,2
BRDA:19,7,0,37
BRDA:19,8,0,3
BRDA:21,9,0,34
BRDA:23,10,0,3
BRDA:31,11,0,45
BRDA:34,12,0,2
BRDA:36,13,0,43
BRDA:36,14,0,2
BRDA:38,15,0,41
BRDA:38,16,0,2
BRDA:45,17,0,45
BRDA:48,18,0,2
BRDA:50,19,0,43
BRDA:50,20,0,2
BRDA:52,21,0,41
BRDA:52,22,0,2
BRDA:54,23,0,39
BRDA:54,24,0,2
BRDA:61,25,0,45
BRDA:64,26,0,2
BRDA:66,27,0,43
BRDA:66,28,0,2
BRDA:68,29,0,41
BRDA:68,30,0,2
BRDA:75,31,0,45
BRDA:78,32,0,4
BRDA:82,33,0,5
BRDA:89,34,0,45
BRF:35
BRH:35
end_of_record
TN:
SF:entidades\Deputado.js
FN:4,Deputado
FN:9,validar
FNF:2
FNH:2
FNDA:22,Deputado
FNDA:21,validar
DA:1,1
DA:2,1
DA:3,1
DA:4,1
DA:5,22
DA:6,22
DA:7,22
DA:8,1
DA:9,1
DA:10,21
DA:11,21
DA:12,21
DA:13,5
DA:14,5
DA:15,21
DA:16,21
DA:17,21
DA:18,21
DA:19,21
DA:20,21
DA:21,21
DA:22,21
DA:23,21
DA:24,20
DA:25,21
DA:26,2
DA:27,2
DA:28,21
DA:29,21
DA:30,21
DA:31,1
DA:32,1
DA:33,1
DA:34,1
LF:34
LH:34
BRDA:4,0,0,22
BRDA:9,1,0,21
BRDA:12,2,0,5
BRDA:23,3,0,20
BRDA:24,4,0,2
BRDA:24,5,0,1
BRDA:25,6,0,2
BRF:7
BRH:7
end_of_record
TN:
SF:entidades\Presidente.js
FN:4,Presidente
FN:9,validar
FN:26,adicionarVicePresidente
FNF:3
FNH:0
FNDA:0,Presidente
FNDA:0,validar
FNDA:0,adicionarVicePresidente
DA:1,1
DA:2,1
DA:3,1
DA:4,1
DA:5,0
DA:6,0
DA:7,0
DA:8,1
DA:9,1
DA:10,0
DA:11,0
DA:12,0
DA:13,0
DA:14,0
DA:15,0
DA:16,0
DA:17,0
DA:18,0
DA:19,0
DA:20,0
DA:21,0
DA:22,0
DA:23,0
DA:24,0
DA:25,1
DA:26,1
DA:27,0
DA:28,0
DA:29,0
DA:30,0
DA:31,0
DA:32,0
DA:33,0
DA:34,0
DA:35,0
DA:36,1
DA:37,1
DA:38,1
LF:38
LH:11
BRF:0
BRH:0
end_of_record
TN:
SF:entidades\Relatorio.js
FN:2,Relatorio
FN:8,validar
FN:31,validateTituloEleitor
FNF:3
FNH:0
FNDA:0,Relatorio
FNDA:0,validar
FNDA:0,validateTituloEleitor
DA:1,1
DA:2,1
DA:3,0
DA:4,0
DA:5,0
DA:6,0
DA:7,1
DA:8,1
DA:9,0
DA:10,0
DA:11,0
DA:12,0
DA:13,0
DA:14,0
DA:15,0
DA:16,0
DA:17,0
DA:18,0
DA:19,0
DA:20,0
DA:21,0
DA:22,0
DA:23,0
DA:24,0
DA:25,0
DA:26,0
DA:27,0
DA:28,0
DA:29,0
DA:30,1
DA:31,1
DA:32,0
DA:33,0
DA:34,0
DA:35,0
DA:36,0
DA:37,0
DA:38,0
DA:39,0
DA:40,0
DA:41,0
DA:42,0
DA:43,0
DA:44,0
DA:45,0
DA:46,0
DA:47,0
DA:48,0
DA:49,0
DA:50,0
DA:51,0
DA:52,0
DA:53,0
DA:54,0
DA:55,0
DA:56,0
DA:57,0
DA:58,0
DA:59,0
DA:60,0
DA:61,0
DA:62,0
DA:63,0
DA:64,0
DA:65,0
DA:66,0
DA:67,0
DA:68,0
DA:69,0
DA:70,0
DA:71,0
DA:72,0
DA:73,0
DA:74,0
DA:75,0
DA:76,0
DA:77,0
DA:78,0
DA:79,0
DA:80,0
DA:81,0
DA:82,0
DA:83,0
DA:84,0
DA:85,0
DA:86,0
DA:87,0
DA:88,0
DA:89,0
DA:90,0
DA:91,0
DA:92,0
DA:93,1
DA:94,1
LF:94
LH:8
BRF:0
BRH:0
end_of_record
TN:
SF:entidades\Voto.js
FN:2,Voto
FN:9,validar
FNF:2
FNH:0
FNDA:0,Voto
FNDA:0,validar
DA:1,1
DA:2,1
DA:3,0
DA:4,0
DA:5,0
DA:6,0
DA:7,0
DA:8,1
DA:9,1
DA:10,0
DA:11,0
DA:12,0
DA:13,0
DA:14,0
DA:15,0
DA:16,0
DA:17,0
DA:18,0
DA:19,0
DA:20,0
DA:21,0
DA:22,0
DA:23,0
DA:24,0
DA:25,0
DA:26,0
DA:27,0
DA:28,0
DA:29,0
DA:30,0
DA:31,0
DA:32,0
DA:33,1
DA:34,1
DA:35,1
LF:35
LH:7
BRF:0
BRH:0
end_of_record
