TN:
SF:index.js
FN:18,(anonymous_0)
FN:34,(anonymous_1)
FN:38,(anonymous_2)
FN:42,(anonymous_3)
FN:65,(anonymous_4)
FN:86,(anonymous_5)
FN:147,(anonymous_6)
FN:158,(anonymous_7)
FN:216,(anonymous_8)
FN:227,(anonymous_9)
FN:238,uploadImagem
FNF:11
FNH:6
FNDA:1,(anonymous_0)
FNDA:0,(anonymous_1)
FNDA:1,(anonymous_2)
FNDA:0,(anonymous_3)
FNDA:0,(anonymous_4)
FNDA:0,(anonymous_5)
FNDA:2,(anonymous_6)
FNDA:10,(anonymous_7)
FNDA:1,(anonymous_8)
FNDA:1,(anonymous_9)
FNDA:0,uploadImagem
DA:1,1
DA:2,1
DA:3,1
DA:4,1
DA:5,1
DA:6,1
DA:7,1
DA:8,1
DA:9,1
DA:10,1
DA:11,1
DA:12,1
DA:13,1
DA:14,1
DA:15,1
DA:18,1
DA:19,1
DA:22,1
DA:23,1
DA:25,1
DA:26,1
DA:27,1
DA:28,1
DA:29,1
DA:31,1
DA:32,1
DA:34,1
DA:35,0
DA:38,1
DA:39,1
DA:42,1
DA:43,0
DA:44,0
DA:47,0
DA:48,0
DA:51,0
DA:53,0
DA:54,0
DA:55,0
DA:56,0
DA:57,0
DA:59,0
DA:61,0
DA:62,0
DA:65,0
DA:68,0
DA:69,0
DA:70,0
DA:73,0
DA:74,0
DA:80,0
DA:81,0
DA:86,1
DA:87,0
DA:92,0
DA:95,0
DA:96,0
DA:100,0
DA:101,0
DA:102,0
DA:103,0
DA:105,0
DA:107,0
DA:109,0
DA:110,0
DA:111,0
DA:112,0
DA:115,0
DA:117,0
DA:118,0
DA:119,0
DA:121,0
DA:123,0
DA:124,0
DA:127,0
DA:129,0
DA:131,0
DA:133,0
DA:135,0
DA:137,0
DA:138,0
DA:141,0
DA:142,0
DA:147,1
DA:148,2
DA:158,2
DA:159,10
DA:160,2
DA:161,8
DA:162,2
DA:164,6
DA:165,2
DA:167,4
DA:168,2
DA:169,2
DA:170,2
DA:173,10
DA:174,10
DA:175,10
DA:176,10
DA:178,0
DA:180,10
DA:181,0
DA:185,2
DA:186,2
DA:187,2
DA:188,1
DA:189,1
DA:190,1
DA:191,1
DA:193,0
DA:195,1
DA:196,0
DA:202,1
DA:204,2
DA:205,1
DA:207,1
DA:210,0
DA:216,1
DA:217,1
DA:219,1
DA:220,1
DA:221,1
DA:223,0
DA:227,1
DA:228,1
DA:229,1
DA:230,1
DA:231,0
DA:233,1
DA:239,0
DA:240,0
DA:241,0
DA:242,0
DA:245,1
LF:135
LH:72
BRDA:23,0,0,1
BRDA:23,0,1,1
BRDA:47,1,0,0
BRDA:47,1,1,0
BRDA:57,2,0,0
BRDA:57,2,1,0
BRDA:61,3,0,0
BRDA:61,3,1,0
BRDA:68,4,0,0
BRDA:68,4,1,0
BRDA:95,5,0,0
BRDA:95,5,1,0
BRDA:95,6,0,0
BRDA:95,6,1,0
BRDA:110,7,0,0
BRDA:110,7,1,0
BRDA:118,8,0,0
BRDA:118,8,1,0
BRDA:123,9,0,0
BRDA:123,9,1,0
BRDA:131,10,0,0
BRDA:131,10,1,0
BRDA:159,11,0,2
BRDA:159,11,1,8
BRDA:161,12,0,2
BRDA:161,12,1,6
BRDA:164,13,0,2
BRDA:164,13,1,4
BRDA:167,14,0,2
BRDA:167,14,1,2
BRDA:169,15,0,2
BRDA:169,15,1,0
BRDA:176,16,0,0
BRDA:176,16,1,10
BRDA:180,17,0,0
BRDA:180,17,1,10
BRDA:187,18,0,1
BRDA:187,18,1,1
BRDA:191,19,0,0
BRDA:191,19,1,1
BRDA:191,20,0,1
BRDA:191,20,1,1
BRDA:195,21,0,0
BRDA:195,21,1,1
BRDA:195,22,0,1
BRDA:195,22,1,1
BRDA:204,23,0,1
BRDA:204,23,1,1
BRF:48
BRH:23
end_of_record
TN:
SF:entidades\Candidato.js
FN:2,(anonymous_0)
FN:10,(anonymous_1)
FN:31,(anonymous_2)
FN:45,(anonymous_3)
FN:61,(anonymous_4)
FN:75,(anonymous_5)
FN:89,(anonymous_6)
FNF:7
FNH:7
FNDA:58,(anonymous_0)
FNDA:52,(anonymous_1)
FNDA:52,(anonymous_2)
FNDA:52,(anonymous_3)
FNDA:52,(anonymous_4)
FNDA:52,(anonymous_5)
FNDA:52,(anonymous_6)
DA:3,58
DA:4,58
DA:5,58
DA:6,58
DA:7,58
DA:11,52
DA:13,52
DA:14,4
DA:15,48
DA:16,2
DA:17,46
DA:18,2
DA:19,44
DA:20,2
DA:22,42
DA:23,42
DA:24,3
DA:28,52
DA:32,52
DA:34,52
DA:35,2
DA:36,50
DA:37,2
DA:38,48
DA:39,2
DA:42,52
DA:46,52
DA:48,52
DA:49,2
DA:50,50
DA:51,2
DA:52,48
DA:53,2
DA:54,46
DA:55,2
DA:58,52
DA:62,52
DA:64,52
DA:65,2
DA:66,50
DA:67,2
DA:68,48
DA:69,2
DA:72,52
DA:76,52
DA:78,52
DA:79,4
DA:81,52
DA:82,52
DA:83,5
DA:86,52
DA:90,52
DA:97,52
DA:101,4
LF:54
LH:54
BRDA:13,0,0,4
BRDA:13,0,1,48
BRDA:15,1,0,2
BRDA:15,1,1,46
BRDA:17,2,0,2
BRDA:17,2,1,44
BRDA:19,3,0,2
BRDA:19,3,1,42
BRDA:23,4,0,3
BRDA:23,4,1,39
BRDA:34,5,0,2
BRDA:34,5,1,50
BRDA:36,6,0,2
BRDA:36,6,1,48
BRDA:38,7,0,2
BRDA:38,7,1,46
BRDA:48,8,0,2
BRDA:48,8,1,50
BRDA:50,9,0,2
BRDA:50,9,1,48
BRDA:52,10,0,2
BRDA:52,10,1,46
BRDA:54,11,0,2
BRDA:54,11,1,44
BRDA:64,12,0,2
BRDA:64,12,1,50
BRDA:66,13,0,2
BRDA:66,13,1,48
BRDA:68,14,0,2
BRDA:68,14,1,46
BRDA:78,15,0,4
BRDA:78,15,1,48
BRDA:82,16,0,5
BRDA:82,16,1,47
BRF:34
BRH:34
end_of_record
TN:
SF:entidades\Deputado.js
FN:4,(anonymous_0)
FN:9,(anonymous_1)
FNF:2
FNH:2
FNDA:22,(anonymous_0)
FNDA:21,(anonymous_1)
DA:1,2
DA:5,22
DA:6,22
DA:10,21
DA:12,21
DA:13,5
DA:15,21
DA:16,21
DA:18,21
DA:19,21
DA:20,21
DA:22,21
DA:26,2
DA:29,21
DA:34,2
LF:15
LH:15
BRDA:12,0,0,5
BRDA:12,0,1,16
BRDA:22,1,0,2
BRDA:22,1,1,19
BRDA:23,2,0,21
BRDA:23,2,1,20
BRDA:23,2,2,18
BRDA:23,2,3,17
BRDA:23,2,4,17
BRF:9
BRH:9
end_of_record
TN:
SF:entidades\Presidente.js
FN:4,(anonymous_0)
FN:9,(anonymous_1)
FN:34,(anonymous_2)
FNF:3
FNH:3
FNDA:10,(anonymous_0)
FNDA:7,(anonymous_1)
FNDA:2,(anonymous_2)
DA:1,2
DA:5,10
DA:10,7
DA:12,7
DA:13,2
DA:16,7
DA:17,7
DA:19,7
DA:20,7
DA:21,7
DA:23,7
DA:27,2
DA:30,7
DA:35,2
DA:36,1
DA:38,1
DA:39,1
DA:40,1
DA:41,1
DA:42,1
DA:46,2
LF:21
LH:21
BRDA:12,0,0,2
BRDA:12,0,1,5
BRDA:23,1,0,2
BRDA:23,1,1,5
BRDA:24,2,0,7
BRDA:24,2,1,6
BRDA:24,2,2,2
BRDA:24,2,3,1
BRDA:24,2,4,1
BRDA:35,3,0,1
BRDA:35,3,1,1
BRF:11
BRH:11
end_of_record
TN:
SF:entidades\Relatorio.js
FN:2,(anonymous_0)
FN:9,(anonymous_1)
FN:34,(anonymous_2)
FNF:3
FNH:3
FNDA:9,(anonymous_0)
FNDA:9,(anonymous_1)
FNDA:9,(anonymous_2)
DA:3,9
DA:4,9
DA:5,9
DA:10,9
DA:11,9
DA:12,1
DA:13,8
DA:14,1
DA:15,7
DA:16,1
DA:17,6
DA:18,1
DA:21,9
DA:22,9
DA:23,8
DA:26,9
DA:27,9
DA:28,8
DA:31,9
DA:35,9
DA:38,9
DA:41,9
DA:42,1
DA:46,9
DA:49,9
DA:50,7
DA:53,9
DA:55,9
DA:56,72
DA:58,9
DA:59,9
DA:60,0
DA:61,0
DA:63,0
DA:66,9
DA:69,9
DA:70,8
DA:73,9
DA:75,9
DA:76,18
DA:78,9
DA:79,9
DA:80,0
DA:81,0
DA:83,0
DA:86,9
DA:89,9
DA:90,8
DA:96,9
DA:99,2
LF:50
LH:44
BRDA:11,0,0,1
BRDA:11,0,1,8
BRDA:13,1,0,1
BRDA:13,1,1,7
BRDA:15,2,0,1
BRDA:15,2,1,6
BRDA:15,3,0,7
BRDA:15,3,1,6
BRDA:17,4,0,1
BRDA:17,4,1,5
BRDA:22,5,0,8
BRDA:22,5,1,1
BRDA:27,6,0,8
BRDA:27,6,1,1
BRDA:41,7,0,1
BRDA:41,7,1,8
BRDA:49,8,0,7
BRDA:49,8,1,2
BRDA:49,9,0,9
BRDA:49,9,1,9
BRDA:59,10,0,0
BRDA:59,10,1,9
BRDA:60,11,0,0
BRDA:60,11,1,0
BRDA:69,12,0,8
BRDA:69,12,1,1
BRDA:79,13,0,0
BRDA:79,13,1,9
BRDA:80,14,0,0
BRDA:80,14,1,0
BRDA:89,15,0,8
BRDA:89,15,1,1
BRF:32
BRH:26
end_of_record
TN:
SF:entidades\Voto.js
FN:2,(anonymous_0)
FN:9,(anonymous_1)
FNF:2
FNH:2
FNDA:21,(anonymous_0)
FNDA:20,(anonymous_1)
DA:4,21
DA:5,21
DA:6,21
DA:10,20
DA:12,20
DA:13,1
DA:15,20
DA:16,1
DA:18,20
DA:19,1
DA:21,20
DA:22,1
DA:24,20
DA:25,1
DA:27,20
DA:28,1
DA:31,20
DA:35,2
LF:18
LH:18
BRDA:12,0,0,1
BRDA:12,0,1,19
BRDA:15,1,0,1
BRDA:15,1,1,19
BRDA:15,2,0,20
BRDA:15,2,1,13
BRDA:15,2,2,12
BRDA:18,3,0,1
BRDA:18,3,1,19
BRDA:18,4,0,20
BRDA:18,4,1,7
BRDA:21,5,0,1
BRDA:21,5,1,19
BRDA:24,6,0,1
BRDA:24,6,1,19
BRDA:24,7,0,20
BRDA:24,7,1,13
BRDA:24,7,2,12
BRDA:27,8,0,1
BRDA:27,8,1,19
BRDA:27,9,0,20
BRDA:27,9,1,7
BRF:22
BRH:22
end_of_record
TN:
SF:js\firebaseConfig.js
FNF:0
FNH:0
DA:1,1
DA:2,1
DA:3,1
DA:4,1
DA:8,1
DA:10,1
DA:20,1
DA:23,1
DA:26,1
DA:28,1
LF:10
LH:10
BRF:0
BRH:0
end_of_record
